2025-02-04 20:19:49 - PyLongslit - INFO - logger.py:69 - Logger initialized. Log will be saved in /home/kostas/Documents/PyLongslit/config_OB0015.log.
2025-02-04 20:19:49 - PyLongslit - INFO - parser.py:21 - Config file found. Loading user parameters...
2025-02-04 20:19:49 - PyLongslit - INFO - parser.py:37 - User parameters loaded successfully.
2025-02-04 20:19:53 - PyLongslit - INFO - obj_trace_clone.py:91 - Cloned trace written to disk.
2025-02-04 20:19:53 - PyLongslit - INFO - obj_trace_clone.py:92 - Output file: /home/kostas/Documents/DAWN_FULL_BACKUP/DAWN/linsed_quasars_data/bluewhale1737102147140/Kostas/GTCMULTIPLE2H-24B/OB0015/out/obj_science_0004942528-20250102-OSIRIS-OsirisLongSlitSpectroscopy_B.dat
2025-02-04 21:19:18 - PyLongslit - INFO - logger.py:69 - Logger initialized. Log will be saved in /home/kostas/Documents/PyLongslit/config_OB0015.log.
2025-02-04 21:19:18 - PyLongslit - INFO - parser.py:21 - Config file found. Loading user parameters...
2025-02-04 21:19:18 - PyLongslit - INFO - parser.py:37 - User parameters loaded successfully.
2025-02-04 21:19:27 - PyLongslit - INFO - obj_trace_clone.py:91 - Cloned trace written to disk.
2025-02-04 21:19:27 - PyLongslit - INFO - obj_trace_clone.py:92 - Output file: /home/kostas/Documents/DAWN_FULL_BACKUP/DAWN/linsed_quasars_data/bluewhale1737102147140/Kostas/GTCMULTIPLE2H-24B/OB0015/out/obj_science_0004942528-20250102-OSIRIS-OsirisLongSlitSpectroscopy_B.dat
2025-02-04 21:19:41 - PyLongslit - INFO - logger.py:69 - Logger initialized. Log will be saved in /home/kostas/Documents/PyLongslit/config_OB0015.log.
2025-02-04 21:19:41 - PyLongslit - INFO - parser.py:21 - Config file found. Loading user parameters...
2025-02-04 21:19:41 - PyLongslit - INFO - parser.py:37 - User parameters loaded successfully.
2025-02-04 21:19:41 - PyLongslit - INFO - obj_trace_manual.py:216 - Starting object tracing routine...
2025-02-04 21:19:41 - PyLongslit - INFO - utils.py:460 - Getting skysubtracted files...
2025-02-04 21:19:41 - PyLongslit - INFO - utils.py:443 - Found 7 frames:
2025-02-04 21:19:41 - PyLongslit - INFO - obj_trace_manual.py:199 - Finding object in skysub_science_0004942526-20250102-OSIRIS-OsirisLongSlitSpectroscopy_A.fits...
2025-02-04 21:19:41 - PyLongslit - INFO - obj_trace_manual.py:64 - Finding object in skysub_science_0004942526-20250102-OSIRIS-OsirisLongSlitSpectroscopy_A.fits...
2025-02-18 17:03:05 - PyLongslit - INFO - logger.py:69 - Logger initialized. Log will be saved in /home/kostasvaleckas/Documents/DAWN/PyLongslit/config_files/config_OB0015.log.
2025-02-18 17:03:05 - PyLongslit - INFO - wavecalib.py:1534 - Starting wavelength calibration routine...
2025-02-18 17:03:05 - PyLongslit - INFO - parser.py:21 - Config file found. Loading user parameters...
2025-02-18 17:03:05 - PyLongslit - INFO - parser.py:34 - Output directory /home/kostas/Documents/DAWN_FULL_BACKUP/DAWN/linsed_quasars_data/bluewhale1737102147140/Kostas/GTCMULTIPLE2H-24B/OB0015/out not found. Creating...
