PyLongslit - INFO - logger.py:68 - Logger initialized. Log will be saved in /home/kostas/Documents/PyLongslit/config_OB0001.log.
PyLongslit - INFO - parser.py:21 - Config file found. Loading user parameters...
PyLongslit - INFO - parser.py:37 - User parameters loaded successfully.
PyLongslit - INFO - mkspecbias.py:27 - Bias procedure running...
PyLongslit - INFO - mkspecbias.py:28 - Using the following parameters:
PyLongslit - INFO - mkspecbias.py:29 - xsize = 2073
PyLongslit - INFO - mkspecbias.py:30 - ysize = 2056
PyLongslit - INFO - mkspecbias.py:35 - Found 11 bias frames.
PyLongslit - INFO - mkspecbias.py:36 - Files used for bias processing:
PyLongslit - INFO - utils.py:207 - All files have the correct dimensions.
PyLongslit - INFO - overscan.py:115 - Overscan subtraction is disabled.
PyLongslit - INFO - overscan.py:116 - Skipping overscan subtraction...
PyLongslit - INFO - mkspecbias.py:53 - Processing file: 0004799808-20241004-OSIRIS-OsirisBias.fits
PyLongslit - INFO - mkspecbias.py:65 - File 0004799808-20241004-OSIRIS-OsirisBias.fits processed.

PyLongslit - INFO - mkspecbias.py:53 - Processing file: 0004799809-20241004-OSIRIS-OsirisBias.fits
PyLongslit - INFO - mkspecbias.py:65 - File 0004799809-20241004-OSIRIS-OsirisBias.fits processed.

PyLongslit - INFO - mkspecbias.py:53 - Processing file: 0004799810-20241004-OSIRIS-OsirisBias.fits
PyLongslit - INFO - mkspecbias.py:65 - File 0004799810-20241004-OSIRIS-OsirisBias.fits processed.

PyLongslit - INFO - mkspecbias.py:53 - Processing file: 0004799811-20241004-OSIRIS-OsirisBias.fits
PyLongslit - INFO - mkspecbias.py:65 - File 0004799811-20241004-OSIRIS-OsirisBias.fits processed.

PyLongslit - INFO - mkspecbias.py:53 - Processing file: 0004799812-20241004-OSIRIS-OsirisBias.fits
PyLongslit - INFO - mkspecbias.py:65 - File 0004799812-20241004-OSIRIS-OsirisBias.fits processed.

PyLongslit - INFO - mkspecbias.py:53 - Processing file: 0004799813-20241004-OSIRIS-OsirisBias.fits
PyLongslit - INFO - mkspecbias.py:65 - File 0004799813-20241004-OSIRIS-OsirisBias.fits processed.

PyLongslit - INFO - mkspecbias.py:53 - Processing file: 0004799814-20241004-OSIRIS-OsirisBias.fits
PyLongslit - INFO - mkspecbias.py:65 - File 0004799814-20241004-OSIRIS-OsirisBias.fits processed.

PyLongslit - INFO - mkspecbias.py:53 - Processing file: 0004799815-20241004-OSIRIS-OsirisBias.fits
PyLongslit - INFO - mkspecbias.py:65 - File 0004799815-20241004-OSIRIS-OsirisBias.fits processed.

PyLongslit - INFO - mkspecbias.py:53 - Processing file: 0004799816-20241004-OSIRIS-OsirisBias.fits
PyLongslit - INFO - mkspecbias.py:65 - File 0004799816-20241004-OSIRIS-OsirisBias.fits processed.

PyLongslit - INFO - mkspecbias.py:53 - Processing file: 0004799817-20241004-OSIRIS-OsirisBias.fits
PyLongslit - INFO - mkspecbias.py:65 - File 0004799817-20241004-OSIRIS-OsirisBias.fits processed.

PyLongslit - INFO - mkspecbias.py:53 - Processing file: 0004799818-20241004-OSIRIS-OsirisBias.fits
PyLongslit - INFO - mkspecbias.py:65 - File 0004799818-20241004-OSIRIS-OsirisBias.fits processed.

PyLongslit - INFO - mkspecbias.py:70 - Bias frames processed.
PyLongslit - INFO - mkspecbias.py:71 - Attaching header and writing to disc...
PyLongslit - INFO - mkspecbias.py:78 - Master bias frame written to disc at in /home/kostas/Documents/DAWN_FULL_BACKUP/DAWN/linsed_quasars_data/bluewhale1737102147140/Kostas/GTCMULTIPLE2H-24B/OB0001/out, filename master_bias.fits
2025-02-04 20:03:05,530 - PyLongslit - INFO - logger.py:68 - Logger initialized. Log will be saved in /home/kostas/Documents/PyLongslit/config_OB0001.log.
2025-02-04 20:03:05,530 - PyLongslit - INFO - parser.py:21 - Config file found. Loading user parameters...
2025-02-04 20:03:05,530 - PyLongslit - INFO - parser.py:37 - User parameters loaded successfully.
2025-02-04 20:03:05,931 - PyLongslit - INFO - mkspecbias.py:27 - Bias procedure running...
2025-02-04 20:03:05,931 - PyLongslit - INFO - mkspecbias.py:28 - Using the following parameters:
2025-02-04 20:03:05,931 - PyLongslit - INFO - mkspecbias.py:29 - xsize = 2073
2025-02-04 20:03:05,931 - PyLongslit - INFO - mkspecbias.py:30 - ysize = 2056
2025-02-04 20:03:05,931 - PyLongslit - INFO - mkspecbias.py:35 - Found 11 bias frames.
2025-02-04 20:03:05,932 - PyLongslit - INFO - mkspecbias.py:36 - Files used for bias processing:
2025-02-04 20:03:06,010 - PyLongslit - INFO - utils.py:207 - All files have the correct dimensions.
2025-02-04 20:03:06,010 - PyLongslit - INFO - overscan.py:115 - Overscan subtraction is disabled.
2025-02-04 20:03:06,010 - PyLongslit - INFO - overscan.py:116 - Skipping overscan subtraction...
2025-02-04 20:03:06,012 - PyLongslit - INFO - mkspecbias.py:53 - Processing file: 0004799808-20241004-OSIRIS-OsirisBias.fits
2025-02-04 20:03:06,041 - PyLongslit - INFO - mkspecbias.py:65 - File 0004799808-20241004-OSIRIS-OsirisBias.fits processed.

2025-02-04 20:03:06,043 - PyLongslit - INFO - mkspecbias.py:53 - Processing file: 0004799809-20241004-OSIRIS-OsirisBias.fits
2025-02-04 20:03:06,070 - PyLongslit - INFO - mkspecbias.py:65 - File 0004799809-20241004-OSIRIS-OsirisBias.fits processed.

2025-02-04 20:03:06,072 - PyLongslit - INFO - mkspecbias.py:53 - Processing file: 0004799810-20241004-OSIRIS-OsirisBias.fits
2025-02-04 20:03:06,095 - PyLongslit - INFO - mkspecbias.py:65 - File 0004799810-20241004-OSIRIS-OsirisBias.fits processed.

2025-02-04 20:03:06,097 - PyLongslit - INFO - mkspecbias.py:53 - Processing file: 0004799811-20241004-OSIRIS-OsirisBias.fits
2025-02-04 20:03:06,128 - PyLongslit - INFO - mkspecbias.py:65 - File 0004799811-20241004-OSIRIS-OsirisBias.fits processed.

2025-02-04 20:03:06,131 - PyLongslit - INFO - mkspecbias.py:53 - Processing file: 0004799812-20241004-OSIRIS-OsirisBias.fits
2025-02-04 20:03:06,162 - PyLongslit - INFO - mkspecbias.py:65 - File 0004799812-20241004-OSIRIS-OsirisBias.fits processed.

2025-02-04 20:03:06,165 - PyLongslit - INFO - mkspecbias.py:53 - Processing file: 0004799813-20241004-OSIRIS-OsirisBias.fits
2025-02-04 20:03:06,192 - PyLongslit - INFO - mkspecbias.py:65 - File 0004799813-20241004-OSIRIS-OsirisBias.fits processed.

2025-02-04 20:03:06,194 - PyLongslit - INFO - mkspecbias.py:53 - Processing file: 0004799814-20241004-OSIRIS-OsirisBias.fits
2025-02-04 20:03:06,223 - PyLongslit - INFO - mkspecbias.py:65 - File 0004799814-20241004-OSIRIS-OsirisBias.fits processed.

2025-02-04 20:03:06,225 - PyLongslit - INFO - mkspecbias.py:53 - Processing file: 0004799815-20241004-OSIRIS-OsirisBias.fits
2025-02-04 20:03:06,251 - PyLongslit - INFO - mkspecbias.py:65 - File 0004799815-20241004-OSIRIS-OsirisBias.fits processed.

2025-02-04 20:03:06,253 - PyLongslit - INFO - mkspecbias.py:53 - Processing file: 0004799816-20241004-OSIRIS-OsirisBias.fits
2025-02-04 20:03:06,277 - PyLongslit - INFO - mkspecbias.py:65 - File 0004799816-20241004-OSIRIS-OsirisBias.fits processed.

2025-02-04 20:03:06,278 - PyLongslit - INFO - mkspecbias.py:53 - Processing file: 0004799817-20241004-OSIRIS-OsirisBias.fits
2025-02-04 20:03:06,303 - PyLongslit - INFO - mkspecbias.py:65 - File 0004799817-20241004-OSIRIS-OsirisBias.fits processed.

2025-02-04 20:03:06,305 - PyLongslit - INFO - mkspecbias.py:53 - Processing file: 0004799818-20241004-OSIRIS-OsirisBias.fits
2025-02-04 20:03:06,330 - PyLongslit - INFO - mkspecbias.py:65 - File 0004799818-20241004-OSIRIS-OsirisBias.fits processed.

2025-02-04 20:03:06,992 - PyLongslit - INFO - mkspecbias.py:70 - Bias frames processed.
2025-02-04 20:03:06,992 - PyLongslit - INFO - mkspecbias.py:71 - Attaching header and writing to disc...
2025-02-04 20:03:07,054 - PyLongslit - INFO - mkspecbias.py:78 - Master bias frame written to disc at in /home/kostas/Documents/DAWN_FULL_BACKUP/DAWN/linsed_quasars_data/bluewhale1737102147140/Kostas/GTCMULTIPLE2H-24B/OB0001/out, filename master_bias.fits
2025-02-04 20:04:05 - PyLongslit - INFO - logger.py:70 - Logger initialized. Log will be saved in /home/kostas/Documents/PyLongslit/config_OB0001.log.
2025-02-04 20:04:05 - PyLongslit - INFO - parser.py:21 - Config file found. Loading user parameters...
2025-02-04 20:04:05 - PyLongslit - INFO - parser.py:37 - User parameters loaded successfully.
2025-02-04 20:04:06 - PyLongslit - INFO - mkspecbias.py:27 - Bias procedure running...
2025-02-04 20:04:06 - PyLongslit - INFO - mkspecbias.py:28 - Using the following parameters:
2025-02-04 20:04:06 - PyLongslit - INFO - mkspecbias.py:29 - xsize = 2073
2025-02-04 20:04:06 - PyLongslit - INFO - mkspecbias.py:30 - ysize = 2056
2025-02-04 20:04:06 - PyLongslit - INFO - mkspecbias.py:35 - Found 11 bias frames.
2025-02-04 20:04:06 - PyLongslit - INFO - mkspecbias.py:36 - Files used for bias processing:
2025-02-04 20:04:06 - PyLongslit - INFO - utils.py:207 - All files have the correct dimensions.
2025-02-04 20:04:06 - PyLongslit - INFO - overscan.py:115 - Overscan subtraction is disabled.
2025-02-04 20:04:06 - PyLongslit - INFO - overscan.py:116 - Skipping overscan subtraction...
2025-02-04 20:04:06 - PyLongslit - INFO - mkspecbias.py:53 - Processing file: 0004799808-20241004-OSIRIS-OsirisBias.fits
2025-02-04 20:04:06 - PyLongslit - INFO - mkspecbias.py:65 - File 0004799808-20241004-OSIRIS-OsirisBias.fits processed.

2025-02-04 20:04:06 - PyLongslit - INFO - mkspecbias.py:53 - Processing file: 0004799809-20241004-OSIRIS-OsirisBias.fits
2025-02-04 20:04:06 - PyLongslit - INFO - mkspecbias.py:65 - File 0004799809-20241004-OSIRIS-OsirisBias.fits processed.

2025-02-04 20:04:06 - PyLongslit - INFO - mkspecbias.py:53 - Processing file: 0004799810-20241004-OSIRIS-OsirisBias.fits
2025-02-04 20:04:06 - PyLongslit - INFO - mkspecbias.py:65 - File 0004799810-20241004-OSIRIS-OsirisBias.fits processed.

2025-02-04 20:04:06 - PyLongslit - INFO - mkspecbias.py:53 - Processing file: 0004799811-20241004-OSIRIS-OsirisBias.fits
2025-02-04 20:04:06 - PyLongslit - INFO - mkspecbias.py:65 - File 0004799811-20241004-OSIRIS-OsirisBias.fits processed.

2025-02-04 20:04:06 - PyLongslit - INFO - mkspecbias.py:53 - Processing file: 0004799812-20241004-OSIRIS-OsirisBias.fits
2025-02-04 20:04:06 - PyLongslit - INFO - mkspecbias.py:65 - File 0004799812-20241004-OSIRIS-OsirisBias.fits processed.

2025-02-04 20:04:06 - PyLongslit - INFO - mkspecbias.py:53 - Processing file: 0004799813-20241004-OSIRIS-OsirisBias.fits
2025-02-04 20:04:06 - PyLongslit - INFO - mkspecbias.py:65 - File 0004799813-20241004-OSIRIS-OsirisBias.fits processed.

2025-02-04 20:04:06 - PyLongslit - INFO - mkspecbias.py:53 - Processing file: 0004799814-20241004-OSIRIS-OsirisBias.fits
2025-02-04 20:04:06 - PyLongslit - INFO - mkspecbias.py:65 - File 0004799814-20241004-OSIRIS-OsirisBias.fits processed.

2025-02-04 20:04:06 - PyLongslit - INFO - mkspecbias.py:53 - Processing file: 0004799815-20241004-OSIRIS-OsirisBias.fits
2025-02-04 20:04:06 - PyLongslit - INFO - mkspecbias.py:65 - File 0004799815-20241004-OSIRIS-OsirisBias.fits processed.

2025-02-04 20:04:06 - PyLongslit - INFO - mkspecbias.py:53 - Processing file: 0004799816-20241004-OSIRIS-OsirisBias.fits
2025-02-04 20:04:06 - PyLongslit - INFO - mkspecbias.py:65 - File 0004799816-20241004-OSIRIS-OsirisBias.fits processed.

2025-02-04 20:04:06 - PyLongslit - INFO - mkspecbias.py:53 - Processing file: 0004799817-20241004-OSIRIS-OsirisBias.fits
2025-02-04 20:04:06 - PyLongslit - INFO - mkspecbias.py:65 - File 0004799817-20241004-OSIRIS-OsirisBias.fits processed.

2025-02-04 20:04:06 - PyLongslit - INFO - mkspecbias.py:53 - Processing file: 0004799818-20241004-OSIRIS-OsirisBias.fits
2025-02-04 20:04:06 - PyLongslit - INFO - mkspecbias.py:65 - File 0004799818-20241004-OSIRIS-OsirisBias.fits processed.

2025-02-04 20:04:07 - PyLongslit - INFO - mkspecbias.py:70 - Bias frames processed.
2025-02-04 20:04:07 - PyLongslit - INFO - mkspecbias.py:71 - Attaching header and writing to disc...
2025-02-04 20:04:07 - PyLongslit - INFO - mkspecbias.py:78 - Master bias frame written to disc at in /home/kostas/Documents/DAWN_FULL_BACKUP/DAWN/linsed_quasars_data/bluewhale1737102147140/Kostas/GTCMULTIPLE2H-24B/OB0001/out, filename master_bias.fits
2025-02-04 20:05:34,170 - PyLongslit - INFO - logger.py:68 - Logger initialized. Log will be saved in /home/kostas/Documents/PyLongslit/config_OB0001.log.
2025-02-04 20:05:34,170 - PyLongslit - INFO - parser.py:21 - Config file found. Loading user parameters...
2025-02-04 20:05:34,170 - PyLongslit - INFO - parser.py:37 - User parameters loaded successfully.
2025-02-04 20:05:34,573 - PyLongslit - INFO - mkspecbias.py:27 - Bias procedure running...
2025-02-04 20:05:34,573 - PyLongslit - INFO - mkspecbias.py:28 - Using the following parameters:
2025-02-04 20:05:34,573 - PyLongslit - INFO - mkspecbias.py:29 - xsize = 2073
2025-02-04 20:05:34,573 - PyLongslit - INFO - mkspecbias.py:30 - ysize = 2056
2025-02-04 20:05:34,573 - PyLongslit - INFO - mkspecbias.py:35 - Found 11 bias frames.
2025-02-04 20:05:34,573 - PyLongslit - INFO - mkspecbias.py:36 - Files used for bias processing:
2025-02-04 20:05:34,650 - PyLongslit - INFO - utils.py:207 - All files have the correct dimensions.
2025-02-04 20:05:34,651 - PyLongslit - INFO - overscan.py:115 - Overscan subtraction is disabled.
2025-02-04 20:05:34,651 - PyLongslit - INFO - overscan.py:116 - Skipping overscan subtraction...
2025-02-04 20:05:34,653 - PyLongslit - INFO - mkspecbias.py:53 - Processing file: 0004799808-20241004-OSIRIS-OsirisBias.fits
2025-02-04 20:05:34,680 - PyLongslit - INFO - mkspecbias.py:65 - File 0004799808-20241004-OSIRIS-OsirisBias.fits processed.

2025-02-04 20:05:34,682 - PyLongslit - INFO - mkspecbias.py:53 - Processing file: 0004799809-20241004-OSIRIS-OsirisBias.fits
2025-02-04 20:05:34,709 - PyLongslit - INFO - mkspecbias.py:65 - File 0004799809-20241004-OSIRIS-OsirisBias.fits processed.

2025-02-04 20:05:34,711 - PyLongslit - INFO - mkspecbias.py:53 - Processing file: 0004799810-20241004-OSIRIS-OsirisBias.fits
2025-02-04 20:05:34,737 - PyLongslit - INFO - mkspecbias.py:65 - File 0004799810-20241004-OSIRIS-OsirisBias.fits processed.

2025-02-04 20:05:34,740 - PyLongslit - INFO - mkspecbias.py:53 - Processing file: 0004799811-20241004-OSIRIS-OsirisBias.fits
2025-02-04 20:05:34,769 - PyLongslit - INFO - mkspecbias.py:65 - File 0004799811-20241004-OSIRIS-OsirisBias.fits processed.

2025-02-04 20:05:34,771 - PyLongslit - INFO - mkspecbias.py:53 - Processing file: 0004799812-20241004-OSIRIS-OsirisBias.fits
2025-02-04 20:05:34,796 - PyLongslit - INFO - mkspecbias.py:65 - File 0004799812-20241004-OSIRIS-OsirisBias.fits processed.

2025-02-04 20:05:34,799 - PyLongslit - INFO - mkspecbias.py:53 - Processing file: 0004799813-20241004-OSIRIS-OsirisBias.fits
2025-02-04 20:05:34,831 - PyLongslit - INFO - mkspecbias.py:65 - File 0004799813-20241004-OSIRIS-OsirisBias.fits processed.

2025-02-04 20:05:34,833 - PyLongslit - INFO - mkspecbias.py:53 - Processing file: 0004799814-20241004-OSIRIS-OsirisBias.fits
2025-02-04 20:05:34,863 - PyLongslit - INFO - mkspecbias.py:65 - File 0004799814-20241004-OSIRIS-OsirisBias.fits processed.

2025-02-04 20:05:34,866 - PyLongslit - INFO - mkspecbias.py:53 - Processing file: 0004799815-20241004-OSIRIS-OsirisBias.fits
2025-02-04 20:05:34,900 - PyLongslit - INFO - mkspecbias.py:65 - File 0004799815-20241004-OSIRIS-OsirisBias.fits processed.

2025-02-04 20:05:34,902 - PyLongslit - INFO - mkspecbias.py:53 - Processing file: 0004799816-20241004-OSIRIS-OsirisBias.fits
2025-02-04 20:05:34,931 - PyLongslit - INFO - mkspecbias.py:65 - File 0004799816-20241004-OSIRIS-OsirisBias.fits processed.

2025-02-04 20:05:34,933 - PyLongslit - INFO - mkspecbias.py:53 - Processing file: 0004799817-20241004-OSIRIS-OsirisBias.fits
2025-02-04 20:05:34,958 - PyLongslit - INFO - mkspecbias.py:65 - File 0004799817-20241004-OSIRIS-OsirisBias.fits processed.

2025-02-04 20:05:34,960 - PyLongslit - INFO - mkspecbias.py:53 - Processing file: 0004799818-20241004-OSIRIS-OsirisBias.fits
2025-02-04 20:05:34,985 - PyLongslit - INFO - mkspecbias.py:65 - File 0004799818-20241004-OSIRIS-OsirisBias.fits processed.

2025-02-04 20:05:40 - PyLongslit - INFO - logger.py:70 - Logger initialized. Log will be saved in /home/kostas/Documents/PyLongslit/config_OB0001.log.
2025-02-04 20:05:40 - PyLongslit - INFO - parser.py:21 - Config file found. Loading user parameters...
2025-02-04 20:05:40 - PyLongslit - INFO - parser.py:37 - User parameters loaded successfully.
2025-02-04 20:05:40 - PyLongslit - INFO - mkspecbias.py:27 - Bias procedure running...
2025-02-04 20:05:40 - PyLongslit - INFO - mkspecbias.py:28 - Using the following parameters:
2025-02-04 20:05:40 - PyLongslit - INFO - mkspecbias.py:29 - xsize = 2073
2025-02-04 20:05:40 - PyLongslit - INFO - mkspecbias.py:30 - ysize = 2056
2025-02-04 20:05:40 - PyLongslit - INFO - mkspecbias.py:35 - Found 11 bias frames.
2025-02-04 20:05:40 - PyLongslit - INFO - mkspecbias.py:36 - Files used for bias processing:
2025-02-04 20:05:40 - PyLongslit - INFO - utils.py:207 - All files have the correct dimensions.
2025-02-04 20:05:40 - PyLongslit - INFO - overscan.py:115 - Overscan subtraction is disabled.
2025-02-04 20:05:40 - PyLongslit - INFO - overscan.py:116 - Skipping overscan subtraction...
2025-02-04 20:05:40 - PyLongslit - INFO - mkspecbias.py:53 - Processing file: 0004799808-20241004-OSIRIS-OsirisBias.fits
2025-02-04 20:05:40 - PyLongslit - INFO - mkspecbias.py:65 - File 0004799808-20241004-OSIRIS-OsirisBias.fits processed.

2025-02-04 20:05:40 - PyLongslit - INFO - mkspecbias.py:53 - Processing file: 0004799809-20241004-OSIRIS-OsirisBias.fits
2025-02-04 20:05:40 - PyLongslit - INFO - mkspecbias.py:65 - File 0004799809-20241004-OSIRIS-OsirisBias.fits processed.

2025-02-04 20:05:40 - PyLongslit - INFO - mkspecbias.py:53 - Processing file: 0004799810-20241004-OSIRIS-OsirisBias.fits
2025-02-04 20:05:40 - PyLongslit - INFO - mkspecbias.py:65 - File 0004799810-20241004-OSIRIS-OsirisBias.fits processed.

2025-02-04 20:05:40 - PyLongslit - INFO - mkspecbias.py:53 - Processing file: 0004799811-20241004-OSIRIS-OsirisBias.fits
2025-02-04 20:05:40 - PyLongslit - INFO - mkspecbias.py:65 - File 0004799811-20241004-OSIRIS-OsirisBias.fits processed.

2025-02-04 20:05:40 - PyLongslit - INFO - mkspecbias.py:53 - Processing file: 0004799812-20241004-OSIRIS-OsirisBias.fits
2025-02-04 20:05:40 - PyLongslit - INFO - mkspecbias.py:65 - File 0004799812-20241004-OSIRIS-OsirisBias.fits processed.

2025-02-04 20:05:40 - PyLongslit - INFO - mkspecbias.py:53 - Processing file: 0004799813-20241004-OSIRIS-OsirisBias.fits
2025-02-04 20:05:40 - PyLongslit - INFO - mkspecbias.py:65 - File 0004799813-20241004-OSIRIS-OsirisBias.fits processed.

2025-02-04 20:05:40 - PyLongslit - INFO - mkspecbias.py:53 - Processing file: 0004799814-20241004-OSIRIS-OsirisBias.fits
2025-02-04 20:05:40 - PyLongslit - INFO - mkspecbias.py:65 - File 0004799814-20241004-OSIRIS-OsirisBias.fits processed.

2025-02-04 20:05:40 - PyLongslit - INFO - mkspecbias.py:53 - Processing file: 0004799815-20241004-OSIRIS-OsirisBias.fits
2025-02-04 20:05:40 - PyLongslit - INFO - mkspecbias.py:65 - File 0004799815-20241004-OSIRIS-OsirisBias.fits processed.

2025-02-04 20:05:40 - PyLongslit - INFO - mkspecbias.py:53 - Processing file: 0004799816-20241004-OSIRIS-OsirisBias.fits
2025-02-04 20:05:40 - PyLongslit - INFO - mkspecbias.py:65 - File 0004799816-20241004-OSIRIS-OsirisBias.fits processed.

2025-02-04 20:05:40 - PyLongslit - INFO - mkspecbias.py:53 - Processing file: 0004799817-20241004-OSIRIS-OsirisBias.fits
2025-02-04 20:05:40 - PyLongslit - INFO - mkspecbias.py:65 - File 0004799817-20241004-OSIRIS-OsirisBias.fits processed.

2025-02-04 20:05:40 - PyLongslit - INFO - mkspecbias.py:53 - Processing file: 0004799818-20241004-OSIRIS-OsirisBias.fits
2025-02-04 20:05:40 - PyLongslit - INFO - mkspecbias.py:65 - File 0004799818-20241004-OSIRIS-OsirisBias.fits processed.

2025-02-04 20:05:41 - PyLongslit - INFO - mkspecbias.py:70 - Bias frames processed.
2025-02-04 20:05:41 - PyLongslit - INFO - mkspecbias.py:71 - Attaching header and writing to disc...
2025-02-04 20:05:41 - PyLongslit - INFO - mkspecbias.py:78 - Master bias frame written to disc at in /home/kostas/Documents/DAWN_FULL_BACKUP/DAWN/linsed_quasars_data/bluewhale1737102147140/Kostas/GTCMULTIPLE2H-24B/OB0001/out, filename master_bias.fits
2025-02-04 20:08:59 - PyLongslit - INFO - logger.py:69 - Logger initialized. Log will be saved in /home/kostas/Documents/PyLongslit/config_OB0001.log.
2025-02-04 20:08:59 - PyLongslit - INFO - parser.py:21 - Config file found. Loading user parameters...
2025-02-04 20:08:59 - PyLongslit - INFO - parser.py:37 - User parameters loaded successfully.
2025-02-04 20:09:00 - PyLongslit - INFO - mkspecbias.py:27 - Bias procedure running...
2025-02-04 20:09:00 - PyLongslit - INFO - mkspecbias.py:28 - Using the following parameters:
2025-02-04 20:09:00 - PyLongslit - INFO - mkspecbias.py:29 - xsize = 2073
2025-02-04 20:09:00 - PyLongslit - INFO - mkspecbias.py:30 - ysize = 2056
2025-02-04 20:09:00 - PyLongslit - INFO - mkspecbias.py:35 - Found 11 bias frames.
2025-02-04 20:09:00 - PyLongslit - INFO - mkspecbias.py:36 - Files used for bias processing:
2025-02-04 20:09:00 - PyLongslit - INFO - utils.py:207 - All files have the correct dimensions.
2025-02-04 20:09:00 - PyLongslit - INFO - overscan.py:115 - Overscan subtraction is disabled.
2025-02-04 20:09:00 - PyLongslit - INFO - overscan.py:116 - Skipping overscan subtraction...
2025-02-04 20:09:00 - PyLongslit - INFO - mkspecbias.py:53 - Processing file: 0004799808-20241004-OSIRIS-OsirisBias.fits
2025-02-04 20:09:00 - PyLongslit - INFO - mkspecbias.py:65 - File 0004799808-20241004-OSIRIS-OsirisBias.fits processed.

2025-02-04 20:09:00 - PyLongslit - INFO - mkspecbias.py:53 - Processing file: 0004799809-20241004-OSIRIS-OsirisBias.fits
2025-02-04 20:09:00 - PyLongslit - INFO - mkspecbias.py:65 - File 0004799809-20241004-OSIRIS-OsirisBias.fits processed.

2025-02-04 20:09:00 - PyLongslit - INFO - mkspecbias.py:53 - Processing file: 0004799810-20241004-OSIRIS-OsirisBias.fits
2025-02-04 20:09:00 - PyLongslit - INFO - mkspecbias.py:65 - File 0004799810-20241004-OSIRIS-OsirisBias.fits processed.

2025-02-04 20:09:00 - PyLongslit - INFO - mkspecbias.py:53 - Processing file: 0004799811-20241004-OSIRIS-OsirisBias.fits
2025-02-04 20:09:00 - PyLongslit - INFO - mkspecbias.py:65 - File 0004799811-20241004-OSIRIS-OsirisBias.fits processed.

2025-02-04 20:09:00 - PyLongslit - INFO - mkspecbias.py:53 - Processing file: 0004799812-20241004-OSIRIS-OsirisBias.fits
2025-02-04 20:09:00 - PyLongslit - INFO - mkspecbias.py:65 - File 0004799812-20241004-OSIRIS-OsirisBias.fits processed.

2025-02-04 20:09:00 - PyLongslit - INFO - mkspecbias.py:53 - Processing file: 0004799813-20241004-OSIRIS-OsirisBias.fits
2025-02-04 20:09:00 - PyLongslit - INFO - mkspecbias.py:65 - File 0004799813-20241004-OSIRIS-OsirisBias.fits processed.

2025-02-04 20:09:00 - PyLongslit - INFO - mkspecbias.py:53 - Processing file: 0004799814-20241004-OSIRIS-OsirisBias.fits
2025-02-04 20:09:00 - PyLongslit - INFO - mkspecbias.py:65 - File 0004799814-20241004-OSIRIS-OsirisBias.fits processed.

2025-02-04 20:09:00 - PyLongslit - INFO - mkspecbias.py:53 - Processing file: 0004799815-20241004-OSIRIS-OsirisBias.fits
2025-02-04 20:09:00 - PyLongslit - INFO - mkspecbias.py:65 - File 0004799815-20241004-OSIRIS-OsirisBias.fits processed.

2025-02-04 20:09:00 - PyLongslit - INFO - mkspecbias.py:53 - Processing file: 0004799816-20241004-OSIRIS-OsirisBias.fits
2025-02-04 20:09:00 - PyLongslit - INFO - mkspecbias.py:65 - File 0004799816-20241004-OSIRIS-OsirisBias.fits processed.

2025-02-04 20:09:00 - PyLongslit - INFO - mkspecbias.py:53 - Processing file: 0004799817-20241004-OSIRIS-OsirisBias.fits
2025-02-04 20:09:00 - PyLongslit - INFO - mkspecbias.py:65 - File 0004799817-20241004-OSIRIS-OsirisBias.fits processed.

2025-02-04 20:09:00 - PyLongslit - INFO - mkspecbias.py:53 - Processing file: 0004799818-20241004-OSIRIS-OsirisBias.fits
2025-02-04 20:09:00 - PyLongslit - INFO - mkspecbias.py:65 - File 0004799818-20241004-OSIRIS-OsirisBias.fits processed.

2025-02-04 20:09:01 - PyLongslit - INFO - mkspecbias.py:70 - Bias frames processed.
2025-02-04 20:09:01 - PyLongslit - INFO - mkspecbias.py:71 - Attaching header and writing to disc...
2025-02-04 20:09:01 - PyLongslit - INFO - mkspecbias.py:78 - Master bias frame written to disc at in /home/kostas/Documents/DAWN_FULL_BACKUP/DAWN/linsed_quasars_data/bluewhale1737102147140/Kostas/GTCMULTIPLE2H-24B/OB0001/out, filename master_bias.fits
2025-02-04 20:09:10 - PyLongslit - INFO - logger.py:69 - Logger initialized. Log will be saved in /home/kostas/Documents/PyLongslit/config_OB0001.log.
2025-02-04 20:09:10 - PyLongslit - INFO - parser.py:21 - Config file found. Loading user parameters...
2025-02-04 20:09:10 - PyLongslit - INFO - parser.py:37 - User parameters loaded successfully.
2025-02-04 20:09:10 - PyLongslit - INFO - mkspecbias.py:27 - Bias procedure running...
2025-02-04 20:09:10 - PyLongslit - INFO - mkspecbias.py:28 - Using the following parameters:
2025-02-04 20:09:10 - PyLongslit - INFO - mkspecbias.py:29 - xsize = 2073
2025-02-04 20:09:10 - PyLongslit - INFO - mkspecbias.py:30 - ysize = 2056
2025-02-04 20:09:10 - PyLongslit - INFO - mkspecbias.py:35 - Found 11 bias frames.
2025-02-04 20:09:10 - PyLongslit - INFO - mkspecbias.py:36 - Files used for bias processing:
2025-02-04 20:09:10 - PyLongslit - INFO - utils.py:207 - All files have the correct dimensions.
2025-02-04 20:09:10 - PyLongslit - INFO - overscan.py:115 - Overscan subtraction is disabled.
2025-02-04 20:09:10 - PyLongslit - INFO - overscan.py:116 - Skipping overscan subtraction...
2025-02-04 20:09:10 - PyLongslit - INFO - mkspecbias.py:53 - Processing file: 0004799808-20241004-OSIRIS-OsirisBias.fits
2025-02-04 20:09:11 - PyLongslit - INFO - mkspecbias.py:65 - File 0004799808-20241004-OSIRIS-OsirisBias.fits processed.

2025-02-04 20:09:11 - PyLongslit - INFO - mkspecbias.py:53 - Processing file: 0004799809-20241004-OSIRIS-OsirisBias.fits
2025-02-04 20:09:11 - PyLongslit - INFO - mkspecbias.py:65 - File 0004799809-20241004-OSIRIS-OsirisBias.fits processed.

2025-02-04 20:09:11 - PyLongslit - INFO - mkspecbias.py:53 - Processing file: 0004799810-20241004-OSIRIS-OsirisBias.fits
2025-02-04 20:09:11 - PyLongslit - INFO - mkspecbias.py:65 - File 0004799810-20241004-OSIRIS-OsirisBias.fits processed.

2025-02-04 20:09:11 - PyLongslit - INFO - mkspecbias.py:53 - Processing file: 0004799811-20241004-OSIRIS-OsirisBias.fits
2025-02-04 20:09:11 - PyLongslit - INFO - mkspecbias.py:65 - File 0004799811-20241004-OSIRIS-OsirisBias.fits processed.

2025-02-04 20:09:11 - PyLongslit - INFO - mkspecbias.py:53 - Processing file: 0004799812-20241004-OSIRIS-OsirisBias.fits
2025-02-04 20:09:11 - PyLongslit - INFO - mkspecbias.py:65 - File 0004799812-20241004-OSIRIS-OsirisBias.fits processed.

2025-02-04 20:09:11 - PyLongslit - INFO - mkspecbias.py:53 - Processing file: 0004799813-20241004-OSIRIS-OsirisBias.fits
2025-02-04 20:09:11 - PyLongslit - INFO - mkspecbias.py:65 - File 0004799813-20241004-OSIRIS-OsirisBias.fits processed.

2025-02-04 20:09:11 - PyLongslit - INFO - mkspecbias.py:53 - Processing file: 0004799814-20241004-OSIRIS-OsirisBias.fits
2025-02-04 20:09:11 - PyLongslit - INFO - mkspecbias.py:65 - File 0004799814-20241004-OSIRIS-OsirisBias.fits processed.

2025-02-04 20:09:11 - PyLongslit - INFO - mkspecbias.py:53 - Processing file: 0004799815-20241004-OSIRIS-OsirisBias.fits
2025-02-04 20:09:11 - PyLongslit - INFO - mkspecbias.py:65 - File 0004799815-20241004-OSIRIS-OsirisBias.fits processed.

2025-02-04 20:09:11 - PyLongslit - INFO - mkspecbias.py:53 - Processing file: 0004799816-20241004-OSIRIS-OsirisBias.fits
2025-02-04 20:09:11 - PyLongslit - INFO - mkspecbias.py:65 - File 0004799816-20241004-OSIRIS-OsirisBias.fits processed.

2025-02-04 20:09:11 - PyLongslit - INFO - mkspecbias.py:53 - Processing file: 0004799817-20241004-OSIRIS-OsirisBias.fits
2025-02-04 20:09:11 - PyLongslit - INFO - mkspecbias.py:65 - File 0004799817-20241004-OSIRIS-OsirisBias.fits processed.

2025-02-04 20:09:11 - PyLongslit - INFO - mkspecbias.py:53 - Processing file: 0004799818-20241004-OSIRIS-OsirisBias.fits
2025-02-04 20:09:11 - PyLongslit - INFO - mkspecbias.py:65 - File 0004799818-20241004-OSIRIS-OsirisBias.fits processed.

2025-02-04 20:09:11 - PyLongslit - INFO - mkspecbias.py:70 - Bias frames processed.
2025-02-04 20:09:11 - PyLongslit - INFO - mkspecbias.py:71 - Attaching header and writing to disc...
2025-02-04 20:09:12 - PyLongslit - INFO - mkspecbias.py:78 - Master bias frame written to disc at in /home/kostas/Documents/DAWN_FULL_BACKUP/DAWN/linsed_quasars_data/bluewhale1737102147140/Kostas/GTCMULTIPLE2H-24B/OB0001/out, filename master_bias.fits
2025-02-04 20:19:20 - PyLongslit - INFO - logger.py:69 - Logger initialized. Log will be saved in /home/kostas/Documents/PyLongslit/config_OB0001.log.
2025-02-04 20:19:20 - PyLongslit - INFO - parser.py:21 - Config file found. Loading user parameters...
2025-02-04 20:19:20 - PyLongslit - INFO - parser.py:37 - User parameters loaded successfully.
