2025-03-12 08:56:09 - PyLongslit - INFO - logger.py:73 - Logger initialized. Log will be saved in /home/kostas/Documents/PyLongslit_dev/SDSS_J213510+2728/SDSS_J213510+2728.log.
2025-03-12 08:56:09 - PyLongslit - INFO - check_config.py:348 - Doing a test read of the configuration file...
2025-03-12 08:56:09 - PyLongslit - INFO - parser.py:27 - Config file found. Loading user parameters...
2025-03-12 08:56:09 - PyLongslit - INFO - parser.py:64 - User parameters loaded successfully.
2025-03-12 08:56:09 - PyLongslit - INFO - parser.py:67 - Output directory /home/kostas/Documents/PyLongslit_dev/SDSS_J213510+2728/output not found. Creating...
2025-03-12 08:56:09 - PyLongslit - INFO - check_config.py:356 - Checking directories...
2025-03-12 08:56:09 - PyLongslit - INFO - check_config.py:47 - Raw bias directory: /home/kostas/Documents/PyLongslit_dev/SDSS_J213510+2728/bias was found.
2025-03-12 08:56:09 - PyLongslit - INFO - check_config.py:49 - Bias directory is not empty.
2025-03-12 08:56:09 - PyLongslit - INFO - check_config.py:47 - Raw flat directory: /home/kostas/Documents/PyLongslit_dev/SDSS_J213510+2728/flats was found.
2025-03-12 08:56:09 - PyLongslit - INFO - check_config.py:49 - Flat directory is not empty.
2025-03-12 08:56:09 - PyLongslit - INFO - check_config.py:47 - Raw science directory: /home/kostas/Documents/PyLongslit_dev/SDSS_J213510+2728/science was found.
2025-03-12 08:56:09 - PyLongslit - INFO - check_config.py:49 - Science directory is not empty.
2025-03-12 08:56:09 - PyLongslit - INFO - check_config.py:47 - Raw standard star directory: /home/kostas/Documents/PyLongslit_dev/SDSS_J213510+2728/standard was found.
2025-03-12 08:56:09 - PyLongslit - INFO - check_config.py:49 - Standard star directory is not empty.
2025-03-12 08:56:09 - PyLongslit - INFO - check_config.py:47 - Raw arc directory: /home/kostas/Documents/PyLongslit_dev/SDSS_J213510+2728/arcs was found.
2025-03-12 08:56:09 - PyLongslit - INFO - check_config.py:49 - Arc directory is not empty.
2025-03-12 08:56:09 - PyLongslit - INFO - check_config.py:130 - All input directories are found and not empty.
2025-03-12 08:56:09 - PyLongslit - INFO - check_config.py:362 - Checking user-defined overscan region...
2025-03-12 08:56:09 - PyLongslit - INFO - check_config.py:367 - Showing user-defined overscan region...
2025-03-12 08:56:10 - PyLongslit - INFO - overscan.py:30 - Showing the overscan region on a raw flat frame for user inspection...
2025-03-12 08:56:10 - PyLongslit - INFO - overscan.py:34 - Trying to open the first file in the flat directory...
2025-03-12 08:56:10 - PyLongslit - INFO - overscan.py:46 - File opened successfully.
2025-03-12 08:56:22 - PyLongslit - INFO - check_config.py:373 - Checking for negative physical parameters...
